<?xml version="1.0" encoding="UTF-8"?>
<coverage generated="1622388101527" clover="3.2.0">
  <project timestamp="1622388101527" name="All files">
    <metrics statements="26" coveredstatements="26" conditionals="10" coveredconditionals="8" methods="5" coveredmethods="5" elements="41" coveredelements="39" complexity="0" loc="26" ncloc="26" packages="3" files="4" classes="4"/>
    <package name="components.Heading">
      <metrics statements="6" coveredstatements="6" conditionals="4" coveredconditionals="3" methods="1" coveredmethods="1"/>
      <file name="index.tsx" path="D:\Desktop\Zar\maraphone 2\PokemonDesk\src\components\Heading\index.tsx">
        <metrics statements="6" coveredstatements="6" conditionals="4" coveredconditionals="3" methods="1" coveredmethods="1"/>
        <line num="1" count="1" type="stmt"/>
        <line num="2" count="1" type="stmt"/>
        <line num="4" count="1" type="stmt"/>
        <line num="12" count="3" type="cond" truecount="3" falsecount="1"/>
        <line num="13" count="3" type="stmt"/>
        <line num="23" count="1" type="stmt"/>
      </file>
    </package>
    <package name="config">
      <metrics statements="5" coveredstatements="5" conditionals="2" coveredconditionals="2" methods="1" coveredmethods="1"/>
      <file name="index.tsx" path="D:\Desktop\Zar\maraphone 2\PokemonDesk\src\config\index.tsx">
        <metrics statements="5" coveredstatements="5" conditionals="2" coveredconditionals="2" methods="1" coveredmethods="1"/>
        <line num="2" count="1" type="cond" truecount="2" falsecount="0"/>
        <line num="3" count="1" type="stmt"/>
        <line num="4" count="1" type="stmt"/>
        <line num="26" count="1" type="stmt"/>
        <line num="49" count="1" type="stmt"/>
      </file>
    </package>
    <package name="utils">
      <metrics statements="15" coveredstatements="15" conditionals="4" coveredconditionals="3" methods="3" coveredmethods="3"/>
      <file name="getUrlWithParamsConfig.ts" path="D:\Desktop\Zar\maraphone 2\PokemonDesk\src\utils\getUrlWithParamsConfig.ts">
        <metrics statements="12" coveredstatements="12" conditionals="2" coveredconditionals="2" methods="2" coveredmethods="2"/>
        <line num="1" count="1" type="stmt"/>
        <line num="4" count="3" type="stmt"/>
        <line num="10" count="3" type="stmt"/>
        <line num="11" count="2" type="cond" truecount="2" falsecount="0"/>
        <line num="12" count="1" type="stmt"/>
        <line num="14" count="1" type="stmt"/>
        <line num="15" count="1" type="stmt"/>
        <line num="17" count="1" type="stmt"/>
        <line num="20" count="3" type="stmt"/>
        <line num="21" count="3" type="stmt"/>
        <line num="25" count="3" type="stmt"/>
        <line num="28" count="1" type="stmt"/>
      </file>
      <file name="toCapitalizeFirstLetter.ts" path="D:\Desktop\Zar\maraphone 2\PokemonDesk\src\utils\toCapitalizeFirstLetter.ts">
        <metrics statements="3" coveredstatements="3" conditionals="2" coveredconditionals="1" methods="1" coveredmethods="1"/>
        <line num="1" count="1" type="cond" truecount="1" falsecount="1"/>
        <line num="2" count="1" type="stmt"/>
        <line num="5" count="1" type="stmt"/>
      </file>
    </package>
  </project>
</coverage>
