{"D:\\Desktop\\Zar\\maraphone 2\\PokemonDesk\\src\\components\\Heading\\index.tsx": {"path":"D:\\Desktop\\Zar\\maraphone 2\\PokemonDesk\\src\\components\\Heading\\index.tsx","statementMap":{"0":{"start":{"line":1,"column":0},"end":{"line":1,"column":26}},"1":{"start":{"line":2,"column":0},"end":{"line":2,"column":28}},"2":{"start":{"line":4,"column":0},"end":{"line":4,"column":38}},"3":{"start":{"line":12,"column":40},"end":{"line":21,"column":1}},"4":{"start":{"line":12,"column":43},"end":{"line":12,"column":47}},"5":{"start":{"line":12,"column":47},"end":{"line":12,"column":56}},"6":{"start":{"line":12,"column":56},"end":{"line":12,"column":62}},"7":{"start":{"line":12,"column":62},"end":{"line":12,"column":72}},"8":{"start":{"line":12,"column":80},"end":{"line":12,"column":82}},"9":{"start":{"line":12,"column":91},"end":{"line":12,"column":96}},"10":{"start":{"line":12,"column":101},"end":{"line":12,"column":null}},"11":{"start":{"line":13,"column":2},"end":{"line":20,"column":4}},"12":{"start":{"line":23,"column":0},"end":{"line":23,"column":23}}},"fnMap":{"0":{"name":"(anonymous_4)","decl":{"start":{"line":12,"column":40},"end":{"line":12,"column":41}},"loc":{"start":{"line":12,"column":103},"end":{"line":21,"column":1}}}},"branchMap":{"0":{"loc":{"start":{"line":12,"column":50},"end":{"line":12,"column":54}},"type":"cond-expr","locations":[{"start":{"line":12,"column":50},"end":{"line":12,"column":54}},{"start":{"line":12,"column":54},"end":{"line":12,"column":56}}]},"1":{"loc":{"start":{"line":12,"column":65},"end":{"line":12,"column":70}},"type":"cond-expr","locations":[{"start":{"line":12,"column":65},"end":{"line":12,"column":70}},{"start":{"line":12,"column":70},"end":{"line":12,"column":72}}]}},"s":{"0":1,"1":1,"2":1,"3":1,"4":3,"5":3,"6":3,"7":3,"8":3,"9":3,"10":3,"11":3,"12":1},"f":{"0":3},"b":{"0":[2,1],"1":[3,0]}}
,"D:\\Desktop\\Zar\\maraphone 2\\PokemonDesk\\src\\config\\index.tsx": {"path":"D:\\Desktop\\Zar\\maraphone 2\\PokemonDesk\\src\\config\\index.tsx","statementMap":{"0":{"start":{"line":2,"column":0},"end":{"line":2,"column":null}},"1":{"start":{"line":3,"column":2},"end":{"line":3,"column":null}},"2":{"start":{"line":4,"column":2},"end":{"line":4,"column":null}},"3":{"start":{"line":26,"column":13},"end":{"line":47,"column":2}},"4":{"start":{"line":49,"column":0},"end":{"line":49,"column":22}}},"fnMap":{"0":{"name":"(anonymous_0)","decl":{"start":{"line":2,"column":0},"end":{"line":2,"column":12}},"loc":{"start":{"line":2,"column":24},"end":{"line":5,"column":1}}}},"branchMap":{"0":{"loc":{"start":{"line":2,"column":12},"end":{"line":2,"column":24}},"type":"binary-expr","locations":[{"start":{"line":2,"column":12},"end":{"line":2,"column":24}},{"start":{"line":2,"column":12},"end":{"line":2,"column":null}}]}},"s":{"0":1,"1":1,"2":1,"3":1,"4":1},"f":{"0":1},"b":{"0":[1,1]}}
,"D:\\Desktop\\Zar\\maraphone 2\\PokemonDesk\\src\\utils\\getUrlWithParamsConfig.ts": {"path":"D:\\Desktop\\Zar\\maraphone 2\\PokemonDesk\\src\\utils\\getUrlWithParamsConfig.ts","statementMap":{"0":{"start":{"line":1,"column":0},"end":{"line":1,"column":31}},"1":{"start":{"line":4,"column":11},"end":{"line":7,"column":null}},"2":{"start":{"line":10,"column":19},"end":{"line":18,"column":18}},"3":{"start":{"line":11,"column":4},"end":{"line":16,"column":null}},"4":{"start":{"line":12,"column":21},"end":{"line":12,"column":56}},"5":{"start":{"line":14,"column":6},"end":{"line":14,"column":24}},"6":{"start":{"line":15,"column":6},"end":{"line":15,"column":20}},"7":{"start":{"line":17,"column":4},"end":{"line":17,"column":15}},"8":{"start":{"line":20,"column":2},"end":{"line":20,"column":26}},"9":{"start":{"line":21,"column":2},"end":{"line":23,"column":4}},"10":{"start":{"line":25,"column":2},"end":{"line":25,"column":13}},"11":{"start":{"line":28,"column":0},"end":{"line":28,"column":38}}},"fnMap":{"0":{"name":"getUrlWithParamsConfig","decl":{"start":{"line":3,"column":9},"end":{"line":3,"column":31}},"loc":{"start":{"line":3,"column":95},"end":{"line":26,"column":1}}},"1":{"name":"(anonymous_4)","decl":{"start":{"line":10,"column":45},"end":{"line":10,"column":46}},"loc":{"start":{"line":10,"column":54},"end":{"line":18,"column":3}}}},"branchMap":{"0":{"loc":{"start":{"line":11,"column":4},"end":{"line":16,"column":null}},"type":"if","locations":[{"start":{"line":11,"column":4},"end":{"line":16,"column":null}},{"start":{"line":11,"column":4},"end":{"line":16,"column":null}}]}},"s":{"0":1,"1":3,"2":3,"3":2,"4":1,"5":1,"6":1,"7":1,"8":3,"9":3,"10":3,"11":1},"f":{"0":3,"1":2},"b":{"0":[1,1]}}
,"D:\\Desktop\\Zar\\maraphone 2\\PokemonDesk\\src\\utils\\toCapitalizeFirstLetter.ts": {"path":"D:\\Desktop\\Zar\\maraphone 2\\PokemonDesk\\src\\utils\\toCapitalizeFirstLetter.ts","statementMap":{"0":{"start":{"line":1,"column":32},"end":{"line":3,"column":1}},"1":{"start":{"line":1,"column":33},"end":{"line":1,"column":null}},"2":{"start":{"line":2,"column":2},"end":{"line":2,"column":55}},"3":{"start":{"line":5,"column":0},"end":{"line":5,"column":39}}},"fnMap":{"0":{"name":"(anonymous_0)","decl":{"start":{"line":1,"column":32},"end":{"line":1,"column":33}},"loc":{"start":{"line":1,"column":56},"end":{"line":3,"column":1}}}},"branchMap":{"0":{"loc":{"start":{"line":1,"column":33},"end":{"line":1,"column":null}},"type":"if","locations":[{"start":{"line":1,"column":33},"end":{"line":1,"column":null}},{"start":{"line":1,"column":33},"end":{"line":1,"column":null}}]}},"s":{"0":1,"1":1,"2":1,"3":1},"f":{"0":1},"b":{"0":[0,1]}}
}
