TN:
SF:src\components\Heading\index.tsx
FN:12,(anonymous_4)
FNF:1
FNH:1
FNDA:3,(anonymous_4)
DA:1,1
DA:2,1
DA:4,1
DA:12,3
DA:13,3
DA:23,1
LF:6
LH:6
BRDA:12,0,0,2
BRDA:12,0,1,1
BRDA:12,1,0,3
BRDA:12,1,1,0
BRF:4
BRH:3
end_of_record
TN:
SF:src\config\index.tsx
FN:2,(anonymous_0)
FNF:1
FNH:1
FNDA:1,(anonymous_0)
DA:2,1
DA:3,1
DA:4,1
DA:26,1
DA:49,1
LF:5
LH:5
BRDA:2,0,0,1
BRDA:2,0,1,1
BRF:2
BRH:2
end_of_record
TN:
SF:src\utils\getUrlWithParamsConfig.ts
FN:3,getUrlWithParamsConfig
FN:10,(anonymous_4)
FNF:2
FNH:2
FNDA:3,getUrlWithParamsConfig
FNDA:2,(anonymous_4)
DA:1,1
DA:4,3
DA:10,3
DA:11,2
DA:12,1
DA:14,1
DA:15,1
DA:17,1
DA:20,3
DA:21,3
DA:25,3
DA:28,1
LF:12
LH:12
BRDA:11,0,0,1
BRDA:11,0,1,1
BRF:2
BRH:2
end_of_record
TN:
SF:src\utils\toCapitalizeFirstLetter.ts
FN:1,(anonymous_0)
FNF:1
FNH:1
FNDA:1,(anonymous_0)
DA:1,1
DA:2,1
DA:5,1
LF:3
LH:3
BRDA:1,0,0,0
BRDA:1,0,1,1
BRF:2
BRH:1
end_of_record
